
Warning: PATH set to RVM ruby but GEM_HOME and/or GEM_PATH not set, see:
    https://github.com/rvm/rvm/issues/3212

## Generating Site with Jekyll
Configuration file: /home/theashwanik/myblog/octopress5/_config.yml
            Source: source
       Destination: public
 Incremental build: disabled. Enable with --incremental
      Generating... 
                    done in 667.511 seconds.
 Auto-regeneration: disabled. Use --watch to enable.
cd _deploy
## Deploying branch to Github Pages 
## Pulling any updates from Github Pages 
There is no tracking information for the current branch.
Please specify which branch you want to merge with.
See git-pull(1) for details.

    git pull <remote> <branch>

If you wish to set tracking information for this branch you can do so with:

    git branch --set-upstream-to=origin/<branch> master

cd -
rm -rf _deploy/8c84d900546f7.txt
rm -rf _deploy/attributions.txt
rm -rf _deploy/README.markdown
rm -rf _deploy/crossdomain.xml
rm -rf _deploy/javascripts
rm -rf _deploy/js
rm -rf _deploy/images
rm -rf _deploy/index.html
rm -rf _deploy/robots.txt
rm -rf _deploy/humans.txt
rm -rf _deploy/favicon.png
rm -rf _deploy/sitemap.xml
rm -rf _deploy/fonts
rm -rf _deploy/blog
rm -rf _deploy/CNAME
rm -rf _deploy/google07b1a0e98e151fd3.html
rm -rf _deploy/atom.xml
rm -rf _deploy/tags
rm -rf _deploy/stylesheets
rm -rf _deploy/tldr-Jquery-client
rm -rf _deploy/keybase.txt
rm -rf _deploy/assets
rm -rf _deploy/posts
rm -rf _deploy/data
cp -r public/. _deploy
cd _deploy

## Copying public to _deploy

## Committing: Site updated at 2020-08-05 00:30:29 UTC
[master c309d34] Site updated at 2020-08-05 00:30:29 UTC
 92 files changed, 134 insertions(+), 134 deletions(-)

## Pushing generated _deploy website
To github.com:TheAshwanik/theashwanik.github.io.git
   99f531b..c309d34  master -> master
cd -

## Github Pages deploy complete

## Commit source to GitHub
[source 0b588be] Updated source Wed Aug  5 01:30:38 BST 2020
 2 files changed, 69 insertions(+), 2 deletions(-)
 create mode 100644 nohup.out
To github.com:TheAshwanik/theashwanik.github.io.git
   1379862..0b588be  source -> source

Warning: PATH set to RVM ruby but GEM_HOME and/or GEM_PATH not set, see:
    https://github.com/rvm/rvm/issues/3212

/home/theashwanik/.rvm/rubies/ruby-2.6.0/lib/ruby/2.6.0/rubygems/specification.rb:15:in `require': Interrupt
	from /home/theashwanik/.rvm/rubies/ruby-2.6.0/lib/ruby/2.6.0/rubygems/specification.rb:15:in `<top (required)>'
	from /home/theashwanik/.rvm/rubies/ruby-2.6.0/lib/ruby/2.6.0/rubygems.rb:1365:in `require'
	from /home/theashwanik/.rvm/rubies/ruby-2.6.0/lib/ruby/2.6.0/rubygems.rb:1365:in `<module:Gem>'
	from /home/theashwanik/.rvm/rubies/ruby-2.6.0/lib/ruby/2.6.0/rubygems.rb:116:in `<top (required)>'
	from <internal:gem_prelude>:2:in `require'
	from <internal:gem_prelude>:2:in `<internal:gem_prelude>'

Warning: PATH set to RVM ruby but GEM_HOME and/or GEM_PATH not set, see:
    https://github.com/rvm/rvm/issues/3212

## Generating Site with Jekyll
Configuration file: /home/theashwanik/myblog/octopress5/_config.yml
            Source: source
       Destination: public
 Incremental build: disabled. Enable with --incremental
      Generating... 
                    done in 743.292 seconds.
 Auto-regeneration: disabled. Use --watch to enable.
cd _deploy
## Deploying branch to Github Pages 
## Pulling any updates from Github Pages 
From github.com:TheAshwanik/theashwanik.github.io
   0b588be..b09d5ad  source     -> origin/source
There is no tracking information for the current branch.
Please specify which branch you want to merge with.
See git-pull(1) for details.

    git pull <remote> <branch>

If you wish to set tracking information for this branch you can do so with:

    git branch --set-upstream-to=origin/<branch> master

cd -
rm -rf _deploy/8c84d900546f7.txt
rm -rf _deploy/attributions.txt
rm -rf _deploy/README.markdown
rm -rf _deploy/crossdomain.xml
rm -rf _deploy/javascripts
rm -rf _deploy/js
rm -rf _deploy/images
rm -rf _deploy/index.html
rm -rf _deploy/robots.txt
rm -rf _deploy/humans.txt
rm -rf _deploy/favicon.png
rm -rf _deploy/sitemap.xml
rm -rf _deploy/fonts
rm -rf _deploy/blog
rm -rf _deploy/CNAME
rm -rf _deploy/google07b1a0e98e151fd3.html
rm -rf _deploy/atom.xml
rm -rf _deploy/tags
rm -rf _deploy/stylesheets
rm -rf _deploy/tldr-Jquery-client
rm -rf _deploy/keybase.txt
rm -rf _deploy/assets
rm -rf _deploy/posts
rm -rf _deploy/data
cp -r public/. _deploy
cd _deploy

## Copying public to _deploy

## Committing: Site updated at 2020-08-06 18:36:26 UTC
[master a762468] Site updated at 2020-08-06 18:36:26 UTC
 234 files changed, 10757 insertions(+), 1841 deletions(-)
 create mode 100644 blog/2020-08-06/convert-swagger-or-openapi-specs-to-spring-boot-rest-api/index.html
 create mode 100644 tags/openapi-/atom.xml
 create mode 100644 tags/openapi-/index.html
 create mode 100644 tags/spring/atom.xml
 create mode 100644 tags/spring/index.html
 create mode 100644 tags/springboot-/atom.xml
 create mode 100644 tags/springboot-/index.html
 create mode 100644 tags/swagger-/atom.xml
 create mode 100644 tags/swagger-/index.html

## Pushing generated _deploy website
To github.com:TheAshwanik/theashwanik.github.io.git
   26d2ab8..a762468  master -> master
cd -

## Github Pages deploy complete

## Commit source to GitHub
[source 41ec85a] Updated source Thu Aug  6 19:36:39 BST 2020
 4 files changed, 563 insertions(+), 1 deletion(-)
 delete mode 100644 source/.jekyll-metadata
 create mode 100644 source/_posts/2020-08-06-convert-swagger-or-openapi-specs-to-spring-boot-rest-api.markdown
To github.com:TheAshwanik/theashwanik.github.io.git
   b09d5ad..41ec85a  source -> source

Warning: PATH set to RVM ruby but GEM_HOME and/or GEM_PATH not set, see:
    https://github.com/rvm/rvm/issues/3212

## Generating Site with Jekyll
Configuration file: /home/theashwanik/myblog/octopress5/_config.yml
            Source: source
       Destination: public
 Incremental build: disabled. Enable with --incremental
      Generating... 
                    done in 735.548 seconds.
 Auto-regeneration: disabled. Use --watch to enable.
cd _deploy
## Deploying branch to Github Pages 
## Pulling any updates from Github Pages 
From github.com:TheAshwanik/theashwanik.github.io
   b09d5ad..41ec85a  source     -> origin/source
Auto packing the repository in background for optimum performance.
See "git help gc" for manual housekeeping.
There is no tracking information for the current branch.
Please specify which branch you want to merge with.
See git-pull(1) for details.

    git pull <remote> <branch>

If you wish to set tracking information for this branch you can do so with:

    git branch --set-upstream-to=origin/<branch> master

cd -
rm -rf _deploy/8c84d900546f7.txt
rm -rf _deploy/attributions.txt
rm -rf _deploy/README.markdown
rm -rf _deploy/crossdomain.xml
rm -rf _deploy/javascripts
rm -rf _deploy/js
rm -rf _deploy/images
rm -rf _deploy/index.html
rm -rf _deploy/robots.txt
rm -rf _deploy/humans.txt
rm -rf _deploy/favicon.png
rm -rf _deploy/sitemap.xml
rm -rf _deploy/fonts
rm -rf _deploy/blog
rm -rf _deploy/CNAME
rm -rf _deploy/google07b1a0e98e151fd3.html
rm -rf _deploy/atom.xml
rm -rf _deploy/tags
rm -rf _deploy/stylesheets
rm -rf _deploy/tldr-Jquery-client
rm -rf _deploy/keybase.txt
rm -rf _deploy/assets
rm -rf _deploy/posts
rm -rf _deploy/data
cp -r public/. _deploy
cd _deploy

## Copying public to _deploy

## Committing: Site updated at 2020-08-06 22:19:33 UTC
[master e4d5f72] Site updated at 2020-08-06 22:19:33 UTC
 96 files changed, 316 insertions(+), 132 deletions(-)

## Pushing generated _deploy website
To github.com:TheAshwanik/theashwanik.github.io.git
   a762468..e4d5f72  master -> master
cd -

## Github Pages deploy complete

## Commit source to GitHub
[source 9facdbb] Updated source Thu Aug  6 23:19:43 BST 2020
 2 files changed, 103 insertions(+), 2 deletions(-)
To github.com:TheAshwanik/theashwanik.github.io.git
   41ec85a..9facdbb  source -> source

Warning: PATH set to RVM ruby but GEM_HOME and/or GEM_PATH not set, see:
    https://github.com/rvm/rvm/issues/3212

## Generating Site with Jekyll
Configuration file: /home/theashwanik/myblog/octopress5/_config.yml
            Source: source
       Destination: public
 Incremental build: disabled. Enable with --incremental
      Generating... 
                    done in 716.342 seconds.
 Auto-regeneration: disabled. Use --watch to enable.
cd _deploy
## Deploying branch to Github Pages 
## Pulling any updates from Github Pages 
From github.com:TheAshwanik/theashwanik.github.io
   41ec85a..9facdbb  source     -> origin/source
There is no tracking information for the current branch.
Please specify which branch you want to merge with.
See git-pull(1) for details.

    git pull <remote> <branch>

If you wish to set tracking information for this branch you can do so with:

    git branch --set-upstream-to=origin/<branch> master

cd -
rm -rf _deploy/8c84d900546f7.txt
rm -rf _deploy/attributions.txt
rm -rf _deploy/README.markdown
rm -rf _deploy/crossdomain.xml
rm -rf _deploy/javascripts
rm -rf _deploy/js
rm -rf _deploy/images
rm -rf _deploy/index.html
rm -rf _deploy/robots.txt
rm -rf _deploy/humans.txt
rm -rf _deploy/favicon.png
rm -rf _deploy/sitemap.xml
rm -rf _deploy/fonts
rm -rf _deploy/blog
rm -rf _deploy/CNAME
rm -rf _deploy/google07b1a0e98e151fd3.html
rm -rf _deploy/atom.xml
rm -rf _deploy/tags
rm -rf _deploy/stylesheets
rm -rf _deploy/tldr-Jquery-client
rm -rf _deploy/keybase.txt
rm -rf _deploy/assets
rm -rf _deploy/posts
rm -rf _deploy/data
cp -r public/. _deploy
cd _deploy

## Copying public to _deploy

## Committing: Site updated at 2020-08-07 09:06:49 UTC
[master a8e9b5b] Site updated at 2020-08-07 09:06:49 UTC
 109 files changed, 459 insertions(+), 628 deletions(-)
 rename blog/{2013-08-12 => 2018-08-12}/get-more-out-of-google/index.html (97%)

## Pushing generated _deploy website
To github.com:TheAshwanik/theashwanik.github.io.git
   e4d5f72..a8e9b5b  master -> master
cd -

## Github Pages deploy complete

## Commit source to GitHub
[source 335b1a0] Updated source Fri Aug  7 10:06:58 BST 2020
 3 files changed, 82 insertions(+), 14 deletions(-)
 rename source/_posts/{2013-08-12-get-more-out-of-google.markdown => 2018-08-12-get-more-out-of-google.markdown} (94%)
To github.com:TheAshwanik/theashwanik.github.io.git
   9facdbb..335b1a0  source -> source

Warning: PATH set to RVM ruby but GEM_HOME and/or GEM_PATH not set, see:
    https://github.com/rvm/rvm/issues/3212

## Generating Site with Jekyll
Configuration file: /home/theashwanik/myblog/octopress5/_config.yml
            Source: source
       Destination: public
 Incremental build: disabled. Enable with --incremental
      Generating... 
                    done in 728.741 seconds.
 Auto-regeneration: disabled. Use --watch to enable.
cd _deploy
## Deploying branch to Github Pages 
## Pulling any updates from Github Pages 
From github.com:TheAshwanik/theashwanik.github.io
   9facdbb..335b1a0  source     -> origin/source
There is no tracking information for the current branch.
Please specify which branch you want to merge with.
See git-pull(1) for details.

    git pull <remote> <branch>

If you wish to set tracking information for this branch you can do so with:

    git branch --set-upstream-to=origin/<branch> master

cd -
rm -rf _deploy/8c84d900546f7.txt
rm -rf _deploy/attributions.txt
rm -rf _deploy/README.markdown
rm -rf _deploy/crossdomain.xml
rm -rf _deploy/javascripts
rm -rf _deploy/js
rm -rf _deploy/images
rm -rf _deploy/index.html
rm -rf _deploy/robots.txt
rm -rf _deploy/humans.txt
rm -rf _deploy/favicon.png
rm -rf _deploy/sitemap.xml
rm -rf _deploy/fonts
rm -rf _deploy/blog
rm -rf _deploy/CNAME
rm -rf _deploy/google07b1a0e98e151fd3.html
rm -rf _deploy/atom.xml
rm -rf _deploy/tags
rm -rf _deploy/stylesheets
rm -rf _deploy/tldr-Jquery-client
rm -rf _deploy/keybase.txt
rm -rf _deploy/assets
rm -rf _deploy/posts
rm -rf _deploy/data
cp -r public/. _deploy
cd _deploy

## Copying public to _deploy

## Committing: Site updated at 2020-08-07 09:39:28 UTC
[master f62e194] Site updated at 2020-08-07 09:39:28 UTC
 94 files changed, 140 insertions(+), 140 deletions(-)

## Pushing generated _deploy website
To github.com:TheAshwanik/theashwanik.github.io.git
   a8e9b5b..f62e194  master -> master
cd -

## Github Pages deploy complete

## Commit source to GitHub
[source a2465a9] Updated source Fri Aug  7 10:39:36 BST 2020
 2 files changed, 80 insertions(+), 6 deletions(-)
To github.com:TheAshwanik/theashwanik.github.io.git
   335b1a0..a2465a9  source -> source

Warning: PATH set to RVM ruby but GEM_HOME and/or GEM_PATH not set, see:
    https://github.com/rvm/rvm/issues/3212

## Generating Site with Jekyll
Configuration file: /home/theashwanik/myblog/octopress5/_config.yml
            Source: source
       Destination: public
 Incremental build: disabled. Enable with --incremental
      Generating... 
                    done in 735.599 seconds.
 Auto-regeneration: disabled. Use --watch to enable.
cd _deploy
## Deploying branch to Github Pages 
## Pulling any updates from Github Pages 
From github.com:TheAshwanik/theashwanik.github.io
   335b1a0..a2465a9  source     -> origin/source
There is no tracking information for the current branch.
Please specify which branch you want to merge with.
See git-pull(1) for details.

    git pull <remote> <branch>

If you wish to set tracking information for this branch you can do so with:

    git branch --set-upstream-to=origin/<branch> master

cd -
rm -rf _deploy/8c84d900546f7.txt
rm -rf _deploy/attributions.txt
rm -rf _deploy/README.markdown
rm -rf _deploy/crossdomain.xml
rm -rf _deploy/javascripts
rm -rf _deploy/js
rm -rf _deploy/images
rm -rf _deploy/index.html
rm -rf _deploy/robots.txt
rm -rf _deploy/humans.txt
rm -rf _deploy/favicon.png
rm -rf _deploy/sitemap.xml
rm -rf _deploy/fonts
rm -rf _deploy/blog
rm -rf _deploy/CNAME
rm -rf _deploy/google07b1a0e98e151fd3.html
rm -rf _deploy/atom.xml
rm -rf _deploy/tags
rm -rf _deploy/stylesheets
rm -rf _deploy/tldr-Jquery-client
rm -rf _deploy/keybase.txt
rm -rf _deploy/assets
rm -rf _deploy/posts
rm -rf _deploy/data
cp -r public/. _deploy
cd _deploy

## Copying public to _deploy

## Committing: Site updated at 2020-08-07 10:00:42 UTC
[master 2a13873] Site updated at 2020-08-07 10:00:42 UTC
 98 files changed, 177 insertions(+), 154 deletions(-)

## Pushing generated _deploy website
To github.com:TheAshwanik/theashwanik.github.io.git
   f62e194..2a13873  master -> master
cd -

## Github Pages deploy complete

## Commit source to GitHub
[source be39fec] Updated source Fri Aug  7 11:00:50 BST 2020
 3 files changed, 81 insertions(+), 6 deletions(-)
To github.com:TheAshwanik/theashwanik.github.io.git
   a2465a9..be39fec  source -> source

Warning: PATH set to RVM ruby but GEM_HOME and/or GEM_PATH not set, see:
    https://github.com/rvm/rvm/issues/3212

## Generating Site with Jekyll
Configuration file: /home/theashwanik/myblog/octopress5/_config.yml
            Source: source
       Destination: public
 Incremental build: disabled. Enable with --incremental
      Generating... 
                    done in 735.683 seconds.
 Auto-regeneration: disabled. Use --watch to enable.
cd _deploy
## Deploying branch to Github Pages 
## Pulling any updates from Github Pages 
From github.com:TheAshwanik/theashwanik.github.io
   a2465a9..be39fec  source     -> origin/source
There is no tracking information for the current branch.
Please specify which branch you want to merge with.
See git-pull(1) for details.

    git pull <remote> <branch>

If you wish to set tracking information for this branch you can do so with:

    git branch --set-upstream-to=origin/<branch> master

cd -
rm -rf _deploy/8c84d900546f7.txt
rm -rf _deploy/attributions.txt
rm -rf _deploy/README.markdown
rm -rf _deploy/crossdomain.xml
rm -rf _deploy/javascripts
rm -rf _deploy/js
rm -rf _deploy/images
rm -rf _deploy/index.html
rm -rf _deploy/robots.txt
rm -rf _deploy/humans.txt
rm -rf _deploy/favicon.png
rm -rf _deploy/sitemap.xml
rm -rf _deploy/fonts
rm -rf _deploy/blog
rm -rf _deploy/CNAME
rm -rf _deploy/google07b1a0e98e151fd3.html
rm -rf _deploy/atom.xml
rm -rf _deploy/tags
rm -rf _deploy/stylesheets
rm -rf _deploy/tldr-Jquery-client
rm -rf _deploy/keybase.txt
rm -rf _deploy/assets
rm -rf _deploy/posts
rm -rf _deploy/data
cp -r public/. _deploy
cd _deploy

## Copying public to _deploy

## Committing: Site updated at 2020-08-07 10:58:02 UTC
[master 285a456] Site updated at 2020-08-07 10:58:02 UTC
 94 files changed, 122 insertions(+), 122 deletions(-)

## Pushing generated _deploy website
To github.com:TheAshwanik/theashwanik.github.io.git
   2a13873..285a456  master -> master
cd -

## Github Pages deploy complete

## Commit source to GitHub
[source 2754cd2] Updated source Fri Aug  7 11:58:11 BST 2020
 2 files changed, 75 insertions(+), 2 deletions(-)
To github.com:TheAshwanik/theashwanik.github.io.git
   be39fec..2754cd2  source -> source

Warning: PATH set to RVM ruby but GEM_HOME and/or GEM_PATH not set, see:
    https://github.com/rvm/rvm/issues/3212

## Generating Site with Jekyll
Configuration file: /home/theashwanik/myblog/octopress5/_config.yml
            Source: source
       Destination: public
 Incremental build: disabled. Enable with --incremental
      Generating... 
                    done in 730.001 seconds.
 Auto-regeneration: disabled. Use --watch to enable.
cd _deploy
## Deploying branch to Github Pages 
## Pulling any updates from Github Pages 
From github.com:TheAshwanik/theashwanik.github.io
   be39fec..2754cd2  source     -> origin/source
There is no tracking information for the current branch.
Please specify which branch you want to merge with.
See git-pull(1) for details.

    git pull <remote> <branch>

If you wish to set tracking information for this branch you can do so with:

    git branch --set-upstream-to=origin/<branch> master

cd -
rm -rf _deploy/8c84d900546f7.txt
rm -rf _deploy/attributions.txt
rm -rf _deploy/README.markdown
rm -rf _deploy/crossdomain.xml
rm -rf _deploy/javascripts
rm -rf _deploy/js
rm -rf _deploy/images
rm -rf _deploy/index.html
rm -rf _deploy/robots.txt
rm -rf _deploy/humans.txt
rm -rf _deploy/favicon.png
rm -rf _deploy/sitemap.xml
rm -rf _deploy/fonts
rm -rf _deploy/blog
rm -rf _deploy/CNAME
rm -rf _deploy/google07b1a0e98e151fd3.html
rm -rf _deploy/atom.xml
rm -rf _deploy/tags
rm -rf _deploy/stylesheets
rm -rf _deploy/tldr-Jquery-client
rm -rf _deploy/keybase.txt
rm -rf _deploy/assets
rm -rf _deploy/posts
rm -rf _deploy/data
cp -r public/. _deploy
cd _deploy

## Copying public to _deploy

## Committing: Site updated at 2020-08-07 11:56:28 UTC
[master 327176f] Site updated at 2020-08-07 11:56:28 UTC
 94 files changed, 128 insertions(+), 122 deletions(-)

## Pushing generated _deploy website
To github.com:TheAshwanik/theashwanik.github.io.git
   285a456..327176f  master -> master
cd -

## Github Pages deploy complete

## Commit source to GitHub
[source f578d6e] Updated source Fri Aug  7 12:56:35 BST 2020
 2 files changed, 77 insertions(+), 2 deletions(-)
To github.com:TheAshwanik/theashwanik.github.io.git
   2754cd2..f578d6e  source -> source

Warning: PATH set to RVM ruby but GEM_HOME and/or GEM_PATH not set, see:
    https://github.com/rvm/rvm/issues/3212

## Generating Site with Jekyll
Configuration file: /home/theashwanik/myblog/octopress5/_config.yml
            Source: source
       Destination: public
 Incremental build: disabled. Enable with --incremental
      Generating... 
                    done in 748.539 seconds.
 Auto-regeneration: disabled. Use --watch to enable.
cd _deploy
## Deploying branch to Github Pages 
## Pulling any updates from Github Pages 
From github.com:TheAshwanik/theashwanik.github.io
   2754cd2..f578d6e  source     -> origin/source
There is no tracking information for the current branch.
Please specify which branch you want to merge with.
See git-pull(1) for details.

    git pull <remote> <branch>

If you wish to set tracking information for this branch you can do so with:

    git branch --set-upstream-to=origin/<branch> master

cd -
rm -rf _deploy/8c84d900546f7.txt
rm -rf _deploy/attributions.txt
rm -rf _deploy/README.markdown
rm -rf _deploy/crossdomain.xml
rm -rf _deploy/javascripts
rm -rf _deploy/js
rm -rf _deploy/images
rm -rf _deploy/index.html
rm -rf _deploy/robots.txt
rm -rf _deploy/humans.txt
rm -rf _deploy/favicon.png
rm -rf _deploy/sitemap.xml
rm -rf _deploy/fonts
rm -rf _deploy/blog
rm -rf _deploy/CNAME
rm -rf _deploy/google07b1a0e98e151fd3.html
rm -rf _deploy/atom.xml
rm -rf _deploy/tags
rm -rf _deploy/stylesheets
rm -rf _deploy/tldr-Jquery-client
rm -rf _deploy/keybase.txt
rm -rf _deploy/assets
rm -rf _deploy/posts
rm -rf _deploy/data
cp -r public/. _deploy
cd _deploy

## Copying public to _deploy

## Committing: Site updated at 2020-08-07 13:15:18 UTC
[master 01c6fee] Site updated at 2020-08-07 13:15:18 UTC
 111 files changed, 725 insertions(+), 808 deletions(-)
 rename blog/{2013-01-10 => 2019-01-10}/soapui-mockservicerunner-on-linux-without-x-config/index.html (97%)

## Pushing generated _deploy website
To github.com:TheAshwanik/theashwanik.github.io.git
   327176f..01c6fee  master -> master
cd -

## Github Pages deploy complete

## Commit source to GitHub
[source 57e87c6] Updated source Fri Aug  7 14:15:26 BST 2020
 2 files changed, 77 insertions(+), 2 deletions(-)
 rename source/_posts/{2013-01-10-soapui-mockservicerunner-on-linux-without-x-config.md => 2019-01-10-soapui-mockservicerunner-on-linux-without-x-config.md} (98%)
To github.com:TheAshwanik/theashwanik.github.io.git
   f578d6e..57e87c6  source -> source

Warning: PATH set to RVM ruby but GEM_HOME and/or GEM_PATH not set, see:
    https://github.com/rvm/rvm/issues/3212

## Generating Site with Jekyll
Configuration file: /home/theashwanik/myblog/octopress5/_config.yml
            Source: source
       Destination: public
 Incremental build: disabled. Enable with --incremental
      Generating... 
                    done in 787.189 seconds.
 Auto-regeneration: disabled. Use --watch to enable.
cd _deploy
## Deploying branch to Github Pages 
## Pulling any updates from Github Pages 
From github.com:TheAshwanik/theashwanik.github.io
   f578d6e..57e87c6  source     -> origin/source
There is no tracking information for the current branch.
Please specify which branch you want to merge with.
See git-pull(1) for details.

    git pull <remote> <branch>

If you wish to set tracking information for this branch you can do so with:

    git branch --set-upstream-to=origin/<branch> master

cd -
rm -rf _deploy/8c84d900546f7.txt
rm -rf _deploy/attributions.txt
rm -rf _deploy/README.markdown
rm -rf _deploy/crossdomain.xml
rm -rf _deploy/javascripts
rm -rf _deploy/js
rm -rf _deploy/images
rm -rf _deploy/index.html
rm -rf _deploy/robots.txt
rm -rf _deploy/humans.txt
rm -rf _deploy/favicon.png
rm -rf _deploy/sitemap.xml
rm -rf _deploy/fonts
rm -rf _deploy/blog
rm -rf _deploy/CNAME
rm -rf _deploy/google07b1a0e98e151fd3.html
rm -rf _deploy/atom.xml
rm -rf _deploy/tags
rm -rf _deploy/stylesheets
rm -rf _deploy/tldr-Jquery-client
rm -rf _deploy/keybase.txt
rm -rf _deploy/assets
rm -rf _deploy/posts
rm -rf _deploy/data
cp -r public/. _deploy
cd _deploy

## Copying public to _deploy

## Committing: Site updated at 2020-08-07 14:18:16 UTC
[master 47f8ef0] Site updated at 2020-08-07 14:18:16 UTC
 109 files changed, 668 insertions(+), 823 deletions(-)
 rename blog/{2013-01-26 => 2019-07-15}/few-tweaks-in-diaspora-installation/index.html (97%)

## Pushing generated _deploy website
To github.com:TheAshwanik/theashwanik.github.io.git
   01c6fee..47f8ef0  master -> master
cd -

## Github Pages deploy complete

## Commit source to GitHub
[source 662582a] Updated source Fri Aug  7 15:18:25 BST 2020
 2 files changed, 77 insertions(+), 2 deletions(-)
 rename source/_posts/{2013-01-26-few-tweaks-in-diaspora-installation.markdown => 2019-07-15-few-tweaks-in-diaspora-installation.markdown} (98%)
To github.com:TheAshwanik/theashwanik.github.io.git
   57e87c6..662582a  source -> source

Warning: PATH set to RVM ruby but GEM_HOME and/or GEM_PATH not set, see:
    https://github.com/rvm/rvm/issues/3212

## Generating Site with Jekyll
Configuration file: /home/theashwanik/myblog/octopress5/_config.yml
            Source: source
       Destination: public
 Incremental build: disabled. Enable with --incremental
      Generating... 
                    done in 750.019 seconds.
 Auto-regeneration: disabled. Use --watch to enable.
cd _deploy
## Deploying branch to Github Pages 
## Pulling any updates from Github Pages 
From github.com:TheAshwanik/theashwanik.github.io
   57e87c6..662582a  source     -> origin/source
There is no tracking information for the current branch.
Please specify which branch you want to merge with.
See git-pull(1) for details.

    git pull <remote> <branch>

If you wish to set tracking information for this branch you can do so with:

    git branch --set-upstream-to=origin/<branch> master

cd -
rm -rf _deploy/8c84d900546f7.txt
rm -rf _deploy/attributions.txt
rm -rf _deploy/README.markdown
rm -rf _deploy/crossdomain.xml
rm -rf _deploy/javascripts
rm -rf _deploy/js
rm -rf _deploy/images
rm -rf _deploy/index.html
rm -rf _deploy/robots.txt
rm -rf _deploy/humans.txt
rm -rf _deploy/favicon.png
rm -rf _deploy/sitemap.xml
rm -rf _deploy/fonts
rm -rf _deploy/blog
rm -rf _deploy/CNAME
rm -rf _deploy/google07b1a0e98e151fd3.html
rm -rf _deploy/atom.xml
rm -rf _deploy/tags
rm -rf _deploy/stylesheets
rm -rf _deploy/tldr-Jquery-client
rm -rf _deploy/keybase.txt
rm -rf _deploy/assets
rm -rf _deploy/posts
rm -rf _deploy/data
cp -r public/. _deploy
cd _deploy

## Copying public to _deploy

## Committing: Site updated at 2020-08-08 11:22:19 UTC
[master 9e42b26] Site updated at 2020-08-08 11:22:19 UTC
 94 files changed, 262 insertions(+), 128 deletions(-)

## Pushing generated _deploy website
To github.com:TheAshwanik/theashwanik.github.io.git
   47f8ef0..9e42b26  master -> master
cd -

## Github Pages deploy complete

## Commit source to GitHub
[source b21137a] Updated source Sat Aug  8 12:22:28 BST 2020
 2 files changed, 97 insertions(+), 7 deletions(-)
To github.com:TheAshwanik/theashwanik.github.io.git
   662582a..b21137a  source -> source

Warning: PATH set to RVM ruby but GEM_HOME and/or GEM_PATH not set, see:
    https://github.com/rvm/rvm/issues/3212

## Generating Site with Jekyll
Configuration file: /home/theashwanik/myblog/octopress5/_config.yml
            Source: source
       Destination: public
 Incremental build: disabled. Enable with --incremental
      Generating... 
                    done in 732.254 seconds.
 Auto-regeneration: disabled. Use --watch to enable.
cd _deploy
## Deploying branch to Github Pages 
## Pulling any updates from Github Pages 
From github.com:TheAshwanik/theashwanik.github.io
   662582a..b21137a  source     -> origin/source
There is no tracking information for the current branch.
Please specify which branch you want to merge with.
See git-pull(1) for details.

    git pull <remote> <branch>

If you wish to set tracking information for this branch you can do so with:

    git branch --set-upstream-to=origin/<branch> master

cd -
rm -rf _deploy/8c84d900546f7.txt
rm -rf _deploy/attributions.txt
rm -rf _deploy/README.markdown
rm -rf _deploy/crossdomain.xml
rm -rf _deploy/javascripts
rm -rf _deploy/js
rm -rf _deploy/images
rm -rf _deploy/index.html
rm -rf _deploy/robots.txt
rm -rf _deploy/humans.txt
rm -rf _deploy/favicon.png
rm -rf _deploy/sitemap.xml
rm -rf _deploy/fonts
rm -rf _deploy/blog
rm -rf _deploy/CNAME
rm -rf _deploy/google07b1a0e98e151fd3.html
rm -rf _deploy/atom.xml
rm -rf _deploy/tags
rm -rf _deploy/stylesheets
rm -rf _deploy/tldr-Jquery-client
rm -rf _deploy/keybase.txt
rm -rf _deploy/assets
rm -rf _deploy/posts
rm -rf _deploy/data
cp -r public/. _deploy
cd _deploy

## Copying public to _deploy

## Committing: Site updated at 2020-08-08 12:49:14 UTC
[master 05910fc] Site updated at 2020-08-08 12:49:14 UTC
 94 files changed, 5239 insertions(+), 220 deletions(-)

## Pushing generated _deploy website
To github.com:TheAshwanik/theashwanik.github.io.git
   9e42b26..05910fc  master -> master
cd -

## Github Pages deploy complete

## Commit source to GitHub
[source e3303f9] Updated source Sat Aug  8 13:49:24 BST 2020
 2 files changed, 513 insertions(+), 14 deletions(-)
To github.com:TheAshwanik/theashwanik.github.io.git
   b21137a..e3303f9  source -> source

Warning: PATH set to RVM ruby but GEM_HOME and/or GEM_PATH not set, see:
    https://github.com/rvm/rvm/issues/3212

## Generating Site with Jekyll
Configuration file: /home/theashwanik/myblog/octopress5/_config.yml
            Source: source
       Destination: public
 Incremental build: disabled. Enable with --incremental
      Generating... 
                    done in 724.626 seconds.
 Auto-regeneration: disabled. Use --watch to enable.
cd _deploy
## Deploying branch to Github Pages 
## Pulling any updates from Github Pages 
From github.com:TheAshwanik/theashwanik.github.io
   b21137a..e3303f9  source     -> origin/source
There is no tracking information for the current branch.
Please specify which branch you want to merge with.
See git-pull(1) for details.

    git pull <remote> <branch>

If you wish to set tracking information for this branch you can do so with:

    git branch --set-upstream-to=origin/<branch> master

cd -
rm -rf _deploy/8c84d900546f7.txt
rm -rf _deploy/attributions.txt
rm -rf _deploy/README.markdown
rm -rf _deploy/crossdomain.xml
rm -rf _deploy/javascripts
rm -rf _deploy/js
rm -rf _deploy/images
rm -rf _deploy/index.html
rm -rf _deploy/robots.txt
rm -rf _deploy/humans.txt
rm -rf _deploy/favicon.png
rm -rf _deploy/sitemap.xml
rm -rf _deploy/fonts
rm -rf _deploy/blog
rm -rf _deploy/CNAME
rm -rf _deploy/google07b1a0e98e151fd3.html
rm -rf _deploy/atom.xml
rm -rf _deploy/tags
rm -rf _deploy/stylesheets
rm -rf _deploy/tldr-Jquery-client
rm -rf _deploy/keybase.txt
rm -rf _deploy/assets
rm -rf _deploy/posts
rm -rf _deploy/data
cp -r public/. _deploy
cd _deploy

## Copying public to _deploy

## Committing: Site updated at 2020-08-08 13:14:57 UTC
[master d41849c] Site updated at 2020-08-08 13:14:57 UTC
 94 files changed, 3358 insertions(+), 398 deletions(-)

## Pushing generated _deploy website
To github.com:TheAshwanik/theashwanik.github.io.git
   05910fc..d41849c  master -> master
cd -

## Github Pages deploy complete

## Commit source to GitHub
[source a20eb97] Updated source Sat Aug  8 14:15:09 BST 2020
 2 files changed, 366 insertions(+), 46 deletions(-)
To github.com:TheAshwanik/theashwanik.github.io.git
   e3303f9..a20eb97  source -> source

Warning: PATH set to RVM ruby but GEM_HOME and/or GEM_PATH not set, see:
    https://github.com/rvm/rvm/issues/3212

## Generating Site with Jekyll
Configuration file: /home/theashwanik/myblog/octopress5/_config.yml
            Source: source
       Destination: public
 Incremental build: disabled. Enable with --incremental
      Generating... 
                    done in 758.991 seconds.
 Auto-regeneration: disabled. Use --watch to enable.
cd _deploy
## Deploying branch to Github Pages 
## Pulling any updates from Github Pages 
From github.com:TheAshwanik/theashwanik.github.io
   e3303f9..a20eb97  source     -> origin/source
There is no tracking information for the current branch.
Please specify which branch you want to merge with.
See git-pull(1) for details.

    git pull <remote> <branch>

If you wish to set tracking information for this branch you can do so with:

    git branch --set-upstream-to=origin/<branch> master

cd -
rm -rf _deploy/8c84d900546f7.txt
rm -rf _deploy/attributions.txt
rm -rf _deploy/README.markdown
rm -rf _deploy/crossdomain.xml
rm -rf _deploy/javascripts
rm -rf _deploy/js
rm -rf _deploy/images
rm -rf _deploy/index.html
rm -rf _deploy/robots.txt
rm -rf _deploy/humans.txt
rm -rf _deploy/favicon.png
rm -rf _deploy/sitemap.xml
rm -rf _deploy/fonts
rm -rf _deploy/blog
rm -rf _deploy/CNAME
rm -rf _deploy/google07b1a0e98e151fd3.html
rm -rf _deploy/atom.xml
rm -rf _deploy/tags
rm -rf _deploy/stylesheets
rm -rf _deploy/tldr-Jquery-client
rm -rf _deploy/keybase.txt
rm -rf _deploy/assets
rm -rf _deploy/posts
rm -rf _deploy/data
cp -r public/. _deploy
cd _deploy

## Copying public to _deploy

## Committing: Site updated at 2020-08-08 23:50:44 UTC
[master db63db0] Site updated at 2020-08-08 23:50:44 UTC
 96 files changed, 161 insertions(+), 134 deletions(-)
 create mode 100644 assets/swagger_part1_sourcgen.png

## Pushing generated _deploy website
To github.com:TheAshwanik/theashwanik.github.io.git
   d41849c..db63db0  master -> master
cd -

## Github Pages deploy complete

## Commit source to GitHub
[source 3e6bfa8] Updated source Sun Aug  9 00:50:53 BST 2020
 4 files changed, 81 insertions(+), 3 deletions(-)
 create mode 100644 source/assets/swagger_part1_sourcgen.png
To github.com:TheAshwanik/theashwanik.github.io.git
   a20eb97..3e6bfa8  source -> source

Warning: PATH set to RVM ruby but GEM_HOME and/or GEM_PATH not set, see:
    https://github.com/rvm/rvm/issues/3212

## Generating Site with Jekyll
Configuration file: /home/theashwanik/myblog/octopress5/_config.yml
            Source: source
       Destination: public
 Incremental build: disabled. Enable with --incremental
      Generating... 
                    done in 759.294 seconds.
 Auto-regeneration: disabled. Use --watch to enable.
cd _deploy
## Deploying branch to Github Pages 
## Pulling any updates from Github Pages 
From github.com:TheAshwanik/theashwanik.github.io
   a20eb97..3e6bfa8  source     -> origin/source
There is no tracking information for the current branch.
Please specify which branch you want to merge with.
See git-pull(1) for details.

    git pull <remote> <branch>

If you wish to set tracking information for this branch you can do so with:

    git branch --set-upstream-to=origin/<branch> master

cd -
rm -rf _deploy/8c84d900546f7.txt
rm -rf _deploy/attributions.txt
rm -rf _deploy/README.markdown
rm -rf _deploy/crossdomain.xml
rm -rf _deploy/javascripts
rm -rf _deploy/js
rm -rf _deploy/images
rm -rf _deploy/index.html
rm -rf _deploy/robots.txt
rm -rf _deploy/humans.txt
rm -rf _deploy/favicon.png
rm -rf _deploy/sitemap.xml
rm -rf _deploy/fonts
rm -rf _deploy/blog
rm -rf _deploy/CNAME
rm -rf _deploy/google07b1a0e98e151fd3.html
rm -rf _deploy/atom.xml
rm -rf _deploy/tags
rm -rf _deploy/stylesheets
rm -rf _deploy/tldr-Jquery-client
rm -rf _deploy/keybase.txt
rm -rf _deploy/assets
rm -rf _deploy/posts
rm -rf _deploy/data
cp -r public/. _deploy
cd _deploy

## Copying public to _deploy

## Committing: Site updated at 2020-08-13 21:37:24 UTC
[master 1054851] Site updated at 2020-08-13 21:37:24 UTC
 239 files changed, 3705 insertions(+), 1554 deletions(-)
 create mode 100644 blog/2020-07-03/symbols-used-in-architecture-diagrams/index.html
 create mode 100644 tags/architecture-/atom.xml
 create mode 100644 tags/architecture-/index.html
 create mode 100644 tags/diagrams/atom.xml
 create mode 100644 tags/diagrams/index.html

## Pushing generated _deploy website
To github.com:TheAshwanik/theashwanik.github.io.git
   db63db0..1054851  master -> master
cd -

## Github Pages deploy complete

## Commit source to GitHub
[source 4893f72] Updated source Thu Aug 13 22:37:43 BST 2020
 2 files changed, 114 insertions(+)
 create mode 100644 source/_posts/2020-07-03-symbols-used-in-architecture-diagrams.markdown
To github.com:TheAshwanik/theashwanik.github.io.git
   3e6bfa8..4893f72  source -> source

Warning: PATH set to RVM ruby but GEM_HOME and/or GEM_PATH not set, see:
    https://github.com/rvm/rvm/issues/3212

## Generating Site with Jekyll
Configuration file: /home/theashwanik/myblog/octopress5/_config.yml
            Source: source
       Destination: public
 Incremental build: disabled. Enable with --incremental
      Generating... 
                    done in 752.31 seconds.
 Auto-regeneration: disabled. Use --watch to enable.
cd _deploy
## Deploying branch to Github Pages 
## Pulling any updates from Github Pages 
From github.com:TheAshwanik/theashwanik.github.io
   3e6bfa8..4893f72  source     -> origin/source
There is no tracking information for the current branch.
Please specify which branch you want to merge with.
See git-pull(1) for details.

    git pull <remote> <branch>

If you wish to set tracking information for this branch you can do so with:

    git branch --set-upstream-to=origin/<branch> master

cd -
rm -rf _deploy/8c84d900546f7.txt
rm -rf _deploy/attributions.txt
rm -rf _deploy/README.markdown
rm -rf _deploy/crossdomain.xml
rm -rf _deploy/javascripts
rm -rf _deploy/js
rm -rf _deploy/images
rm -rf _deploy/index.html
rm -rf _deploy/robots.txt
rm -rf _deploy/humans.txt
rm -rf _deploy/favicon.png
rm -rf _deploy/sitemap.xml
rm -rf _deploy/fonts
rm -rf _deploy/blog
rm -rf _deploy/CNAME
rm -rf _deploy/google07b1a0e98e151fd3.html
rm -rf _deploy/atom.xml
rm -rf _deploy/tags
rm -rf _deploy/stylesheets
rm -rf _deploy/tldr-Jquery-client
rm -rf _deploy/keybase.txt
rm -rf _deploy/assets
rm -rf _deploy/posts
rm -rf _deploy/data
cp -r public/. _deploy
cd _deploy

## Copying public to _deploy

## Committing: Site updated at 2020-08-13 22:07:27 UTC
[master fbcefff] Site updated at 2020-08-13 22:07:27 UTC
 97 files changed, 118 insertions(+), 118 deletions(-)
 create mode 100644 images/ArchitectureSymbol_Part1.png
 create mode 100644 images/ArchitectureSymbol_Part2.png

## Pushing generated _deploy website
To github.com:TheAshwanik/theashwanik.github.io.git
   1054851..fbcefff  master -> master
cd -

## Github Pages deploy complete

## Commit source to GitHub
[source 104e590] Updated source Thu Aug 13 23:07:37 BST 2020
 3 files changed, 76 insertions(+)
 create mode 100644 source/images/ArchitectureSymbol_Part1.png
 create mode 100644 source/images/ArchitectureSymbol_Part2.png
To github.com:TheAshwanik/theashwanik.github.io.git
   4893f72..104e590  source -> source

Warning: PATH set to RVM ruby but GEM_HOME and/or GEM_PATH not set, see:
    https://github.com/rvm/rvm/issues/3212

## Generating Site with Jekyll
Configuration file: /home/theashwanik/myblog/octopress5/_config.yml
            Source: source
       Destination: public
 Incremental build: disabled. Enable with --incremental
      Generating... 
                    done in 775.124 seconds.
 Auto-regeneration: disabled. Use --watch to enable.
cd _deploy
## Deploying branch to Github Pages 
## Pulling any updates from Github Pages 
From github.com:TheAshwanik/theashwanik.github.io
   4893f72..104e590  source     -> origin/source
There is no tracking information for the current branch.
Please specify which branch you want to merge with.
See git-pull(1) for details.

    git pull <remote> <branch>

If you wish to set tracking information for this branch you can do so with:

    git branch --set-upstream-to=origin/<branch> master

cd -
rm -rf _deploy/8c84d900546f7.txt
rm -rf _deploy/attributions.txt
rm -rf _deploy/README.markdown
rm -rf _deploy/crossdomain.xml
rm -rf _deploy/javascripts
rm -rf _deploy/js
rm -rf _deploy/images
rm -rf _deploy/index.html
rm -rf _deploy/robots.txt
rm -rf _deploy/humans.txt
rm -rf _deploy/favicon.png
rm -rf _deploy/sitemap.xml
rm -rf _deploy/fonts
rm -rf _deploy/blog
rm -rf _deploy/CNAME
rm -rf _deploy/google07b1a0e98e151fd3.html
rm -rf _deploy/atom.xml
rm -rf _deploy/tags
rm -rf _deploy/stylesheets
rm -rf _deploy/tldr-Jquery-client
rm -rf _deploy/keybase.txt
rm -rf _deploy/assets
rm -rf _deploy/posts
rm -rf _deploy/data
cp -r public/. _deploy
cd _deploy

## Copying public to _deploy

## Committing: Site updated at 2020-08-13 23:02:29 UTC
[master 9fa5a02] Site updated at 2020-08-13 23:02:29 UTC
 97 files changed, 118 insertions(+), 118 deletions(-)
 create mode 100644 assets/ArchitectureSymbol_Part1.png
 create mode 100644 assets/ArchitectureSymbol_Part2.png

## Pushing generated _deploy website
To github.com:TheAshwanik/theashwanik.github.io.git
   fbcefff..9fa5a02  master -> master
cd -

## Github Pages deploy complete

## Commit source to GitHub
[source 8aa7df7] Updated source Fri Aug 14 00:02:36 BST 2020
 3 files changed, 77 insertions(+)
 create mode 100644 source/assets/ArchitectureSymbol_Part1.png
 create mode 100644 source/assets/ArchitectureSymbol_Part2.png
To github.com:TheAshwanik/theashwanik.github.io.git
   104e590..8aa7df7  source -> source

Warning: PATH set to RVM ruby but GEM_HOME and/or GEM_PATH not set, see:
    https://github.com/rvm/rvm/issues/3212

## Generating Site with Jekyll
Configuration file: /home/theashwanik/myblog/octopress5/_config.yml
            Source: source
       Destination: public
 Incremental build: disabled. Enable with --incremental
      Generating... 
[31m             Error: could not read file /home/theashwanik/myblog/octopress5/source/_posts/2020-10-30-run-ibm-datapower-gateway-idg-10-dot-0-0-on-docker.markdown: invalid byte sequence in UTF-8[0m
rake aborted!
Interrupt: 
/home/theashwanik/myblog/octopress5/Rakefile:62:in `system'
/home/theashwanik/myblog/octopress5/Rakefile:62:in `block in <top (required)>'
/home/theashwanik/.rvm/gems/ruby-2.6.0/bin/ruby_executable_hooks:24:in `eval'
/home/theashwanik/.rvm/gems/ruby-2.6.0/bin/ruby_executable_hooks:24:in `<main>'
Tasks: TOP => generate
(See full trace by running task with --trace)
[31m  Liquid Exception:  in /_layouts/page.html[0m
/home/theashwanik/.rvm/rubies/ruby-2.6.0/lib/ruby/gems/2.6.0/gems/stringex-2.8.5/lib/stringex/localization.rb:39:in `translate': Interrupt
	from /home/theashwanik/.rvm/rubies/ruby-2.6.0/lib/ruby/gems/2.6.0/gems/stringex-2.8.5/lib/stringex/localization/converter.rb:125:in `translate'
	from /home/theashwanik/.rvm/rubies/ruby-2.6.0/lib/ruby/gems/2.6.0/gems/stringex-2.8.5/lib/stringex/localization/converter.rb:110:in `block in vulgar_fractions'
	from /home/theashwanik/.rvm/rubies/ruby-2.6.0/lib/ruby/gems/2.6.0/gems/stringex-2.8.5/lib/stringex/localization/converter.rb:109:in `each'
	from /home/theashwanik/.rvm/rubies/ruby-2.6.0/lib/ruby/gems/2.6.0/gems/stringex-2.8.5/lib/stringex/localization/converter.rb:109:in `vulgar_fractions'
	from /home/theashwanik/.rvm/rubies/ruby-2.6.0/lib/ruby/gems/2.6.0/gems/stringex-2.8.5/lib/stringex/localization/converter.rb:58:in `block in translate!'
	from /home/theashwanik/.rvm/rubies/ruby-2.6.0/lib/ruby/gems/2.6.0/gems/stringex-2.8.5/lib/stringex/localization/converter.rb:57:in `each'
	from /home/theashwanik/.rvm/rubies/ruby-2.6.0/lib/ruby/gems/2.6.0/gems/stringex-2.8.5/lib/stringex/localization/converter.rb:57:in `translate!'
	from /home/theashwanik/.rvm/rubies/ruby-2.6.0/lib/ruby/gems/2.6.0/gems/stringex-2.8.5/lib/stringex/string_extensions.rb:92:in `block in convert_vulgar_fractions'
	from /home/theashwanik/.rvm/rubies/ruby-2.6.0/lib/ruby/gems/2.6.0/gems/stringex-2.8.5/lib/stringex/localization.rb:86:in `instance_exec'
	from /home/theashwanik/.rvm/rubies/ruby-2.6.0/lib/ruby/gems/2.6.0/gems/stringex-2.8.5/lib/stringex/localization.rb:86:in `convert'
	from /home/theashwanik/.rvm/rubies/ruby-2.6.0/lib/ruby/gems/2.6.0/gems/stringex-2.8.5/lib/stringex/string_extensions.rb:206:in `stringex_convert'
	from /home/theashwanik/.rvm/rubies/ruby-2.6.0/lib/ruby/gems/2.6.0/gems/stringex-2.8.5/lib/stringex/string_extensions.rb:91:in `convert_vulgar_fractions'
	from /home/theashwanik/.rvm/rubies/ruby-2.6.0/lib/ruby/gems/2.6.0/gems/stringex-2.8.5/lib/stringex/string_extensions.rb:134:in `remove_formatting'
	from /home/theashwanik/.rvm/rubies/ruby-2.6.0/lib/ruby/gems/2.6.0/gems/stringex-2.8.5/lib/stringex/string_extensions.rb:195:in `to_url'
	from /home/theashwanik/myblog/octopress5/plugins/tag_cloud.rb:116:in `block in render'
	from /home/theashwanik/myblog/octopress5/plugins/tag_cloud.rb:112:in `each'
	from /home/theashwanik/myblog/octopress5/plugins/tag_cloud.rb:112:in `each_with_index'
	from /home/theashwanik/myblog/octopress5/plugins/tag_cloud.rb:112:in `render'
	from /home/theashwanik/.rvm/rubies/ruby-2.6.0/lib/ruby/gems/2.6.0/gems/liquid-4.0.3/lib/liquid/block_body.rb:103:in `render_node_to_output'
	from /home/theashwanik/.rvm/rubies/ruby-2.6.0/lib/ruby/gems/2.6.0/gems/liquid-4.0.3/lib/liquid/block_body.rb:91:in `render'
	from /home/theashwanik/.rvm/rubies/ruby-2.6.0/lib/ruby/gems/2.6.0/gems/liquid-4.0.3/lib/liquid/template.rb:208:in `block in render'
	from /home/theashwanik/.rvm/rubies/ruby-2.6.0/lib/ruby/gems/2.6.0/gems/liquid-4.0.3/lib/liquid/template.rb:242:in `with_profiling'
	from /home/theashwanik/.rvm/rubies/ruby-2.6.0/lib/ruby/gems/2.6.0/gems/liquid-4.0.3/lib/liquid/template.rb:207:in `render'
	from /home/theashwanik/.rvm/rubies/ruby-2.6.0/lib/ruby/gems/2.6.0/gems/liquid-4.0.3/lib/liquid/template.rb:220:in `render!'
	from /home/theashwanik/.rvm/rubies/ruby-2.6.0/lib/ruby/gems/2.6.0/gems/jekyll-3.7.2/lib/jekyll/liquid_renderer/file.rb:30:in `block (2 levels) in render!'
	from /home/theashwanik/.rvm/rubies/ruby-2.6.0/lib/ruby/gems/2.6.0/gems/jekyll-3.7.2/lib/jekyll/liquid_renderer/file.rb:42:in `measure_bytes'
	from /home/theashwanik/.rvm/rubies/ruby-2.6.0/lib/ruby/gems/2.6.0/gems/jekyll-3.7.2/lib/jekyll/liquid_renderer/file.rb:29:in `block in render!'
	from /home/theashwanik/.rvm/rubies/ruby-2.6.0/lib/ruby/gems/2.6.0/gems/jekyll-3.7.2/lib/jekyll/liquid_renderer/file.rb:49:in `measure_time'
	from /home/theashwanik/.rvm/rubies/ruby-2.6.0/lib/ruby/gems/2.6.0/gems/jekyll-3.7.2/lib/jekyll/liquid_renderer/file.rb:28:in `render!'
	from /home/theashwanik/.rvm/rubies/ruby-2.6.0/lib/ruby/gems/2.6.0/gems/jekyll-3.7.2/lib/jekyll/renderer.rb:123:in `render_liquid'
	from /home/theashwanik/.rvm/rubies/ruby-2.6.0/lib/ruby/gems/2.6.0/gems/octopress-hooks-2.6.2/lib/octopress-hooks.rb:311:in `render_liquid'
	from /home/theashwanik/.rvm/rubies/ruby-2.6.0/lib/ruby/gems/2.6.0/gems/jekyll-3.7.2/lib/jekyll/renderer.rb:188:in `render_layout'
	from /home/theashwanik/.rvm/rubies/ruby-2.6.0/lib/ruby/gems/2.6.0/gems/jekyll-3.7.2/lib/jekyll/renderer.rb:155:in `place_in_layouts'
	from /home/theashwanik/.rvm/rubies/ruby-2.6.0/lib/ruby/gems/2.6.0/gems/jekyll-3.7.2/lib/jekyll/renderer.rb:85:in `render_document'
	from /home/theashwanik/.rvm/rubies/ruby-2.6.0/lib/ruby/gems/2.6.0/gems/jekyll-3.7.2/lib/jekyll/renderer.rb:62:in `run'
	from /home/theashwanik/.rvm/rubies/ruby-2.6.0/lib/ruby/gems/2.6.0/gems/octopress-hooks-2.6.2/lib/octopress-hooks.rb:306:in `run'
	from /home/theashwanik/.rvm/rubies/ruby-2.6.0/lib/ruby/gems/2.6.0/gems/jekyll-3.7.2/lib/jekyll/convertible.rb:214:in `do_layout'
	from /home/theashwanik/.rvm/rubies/ruby-2.6.0/lib/ruby/gems/2.6.0/gems/octopress-hooks-2.6.2/lib/octopress-hooks.rb:350:in `do_layout'
	from /home/theashwanik/.rvm/rubies/ruby-2.6.0/lib/ruby/gems/2.6.0/gems/jekyll-3.7.2/lib/jekyll/page.rb:137:in `render'
	from /home/theashwanik/myblog/octopress5/plugins/tag_generator.rb:87:in `write_tag_index'
	from /home/theashwanik/myblog/octopress5/plugins/tag_generator.rb:105:in `block in write_tag_indexes'
	from /home/theashwanik/myblog/octopress5/plugins/tag_generator.rb:104:in `each'
	from /home/theashwanik/myblog/octopress5/plugins/tag_generator.rb:104:in `write_tag_indexes'
	from /home/theashwanik/myblog/octopress5/plugins/tag_generator.rb:123:in `generate'
	from /home/theashwanik/.rvm/rubies/ruby-2.6.0/lib/ruby/gems/2.6.0/gems/jekyll-3.7.2/lib/jekyll/site.rb:174:in `block in generate'
	from /home/theashwanik/.rvm/rubies/ruby-2.6.0/lib/ruby/gems/2.6.0/gems/jekyll-3.7.2/lib/jekyll/site.rb:172:in `each'
	from /home/theashwanik/.rvm/rubies/ruby-2.6.0/lib/ruby/gems/2.6.0/gems/jekyll-3.7.2/lib/jekyll/site.rb:172:in `generate'
	from /home/theashwanik/.rvm/rubies/ruby-2.6.0/lib/ruby/gems/2.6.0/gems/jekyll-3.7.2/lib/jekyll/site.rb:72:in `process'
	from /home/theashwanik/.rvm/rubies/ruby-2.6.0/lib/ruby/gems/2.6.0/gems/jekyll-3.7.2/lib/jekyll/command.rb:28:in `process_site'
	from /home/theashwanik/.rvm/rubies/ruby-2.6.0/lib/ruby/gems/2.6.0/gems/jekyll-3.7.2/lib/jekyll/commands/build.rb:65:in `build'
	from /home/theashwanik/.rvm/rubies/ruby-2.6.0/lib/ruby/gems/2.6.0/gems/jekyll-3.7.2/lib/jekyll/commands/build.rb:36:in `process'
	from /home/theashwanik/.rvm/rubies/ruby-2.6.0/lib/ruby/gems/2.6.0/gems/jekyll-3.7.2/lib/jekyll/commands/build.rb:18:in `block (2 levels) in init_with_program'
	from /home/theashwanik/.rvm/rubies/ruby-2.6.0/lib/ruby/gems/2.6.0/gems/mercenary-0.3.6/lib/mercenary/command.rb:220:in `block in execute'
	from /home/theashwanik/.rvm/rubies/ruby-2.6.0/lib/ruby/gems/2.6.0/gems/mercenary-0.3.6/lib/mercenary/command.rb:220:in `each'
	from /home/theashwanik/.rvm/rubies/ruby-2.6.0/lib/ruby/gems/2.6.0/gems/mercenary-0.3.6/lib/mercenary/command.rb:220:in `execute'
	from /home/theashwanik/.rvm/rubies/ruby-2.6.0/lib/ruby/gems/2.6.0/gems/mercenary-0.3.6/lib/mercenary/program.rb:42:in `go'
	from /home/theashwanik/.rvm/rubies/ruby-2.6.0/lib/ruby/gems/2.6.0/gems/mercenary-0.3.6/lib/mercenary.rb:19:in `program'
	from /home/theashwanik/.rvm/rubies/ruby-2.6.0/lib/ruby/gems/2.6.0/gems/jekyll-3.7.2/exe/jekyll:15:in `<top (required)>'
	from /home/theashwanik/.rvm/gems/ruby-2.6.0/bin/jekyll:23:in `load'
	from /home/theashwanik/.rvm/gems/ruby-2.6.0/bin/jekyll:23:in `<main>'
	from /home/theashwanik/.rvm/gems/ruby-2.6.0/bin/ruby_executable_hooks:24:in `eval'
	from /home/theashwanik/.rvm/gems/ruby-2.6.0/bin/ruby_executable_hooks:24:in `<main>'

Warning: PATH set to RVM ruby but GEM_HOME and/or GEM_PATH not set, see:
    https://github.com/rvm/rvm/issues/3212

## Generating Site with Jekyll
Configuration file: /home/theashwanik/myblog/octopress5/_config.yml
            Source: source
       Destination: public
 Incremental build: disabled. Enable with --incremental
      Generating... 
[31m             Error: could not read file /home/theashwanik/myblog/octopress5/source/_posts/2020-10-30-run-ibm-datapower-gateway-idg10-on-docker.markdown: invalid byte sequence in UTF-8[0m

Warning: PATH set to RVM ruby but GEM_HOME and/or GEM_PATH not set, see:
    https://github.com/rvm/rvm/issues/3212

## Generating Site with Jekyll
Configuration file: /home/theashwanik/myblog/octopress5/_config.yml
            Source: source
       Destination: public
 Incremental build: disabled. Enable with --incremental
      Generating... 
[31m             Error: could not read file /home/theashwanik/myblog/octopress5/source/_posts/2020-10-30-run-ibm-datapower-gateway-idg10-on-docker.markdown: invalid byte sequence in UTF-8[0m

Warning: PATH set to RVM ruby but GEM_HOME and/or GEM_PATH not set, see:
    https://github.com/rvm/rvm/issues/3212

## Generating Site with Jekyll
Configuration file: /home/theashwanik/myblog/octopress5/_config.yml
            Source: source
       Destination: public
 Incremental build: disabled. Enable with --incremental
      Generating... 
[31m             Error: could not read file /home/theashwanik/myblog/octopress5/source/_posts/2020-10-30-run-ibm-datapower-gateway-idg10-on-docker.markdown: invalid byte sequence in UTF-8[0m

Warning: PATH set to RVM ruby but GEM_HOME and/or GEM_PATH not set, see:
    https://github.com/rvm/rvm/issues/3212

## Generating Site with Jekyll
                    done in 1587.776 seconds.
 Auto-regeneration: disabled. Use --watch to enable.
cd _deploy
## Deploying branch to Github Pages 
## Pulling any updates from Github Pages 
Warning: Permanently added the RSA host key for IP address '140.82.121.3' to the list of known hosts.
From github.com:TheAshwanik/theashwanik.github.io
   104e590..8aa7df7  source     -> origin/source
There is no tracking information for the current branch.
Please specify which branch you want to merge with.
See git-pull(1) for details.

    git pull <remote> <branch>

If you wish to set tracking information for this branch you can do so with:

    git branch --set-upstream-to=origin/<branch> master

cd -
rm -rf _deploy/8c84d900546f7.txt
rm -rf _deploy/attributions.txt
rm -rf _deploy/README.markdown
rm -rf _deploy/crossdomain.xml
rm -rf _deploy/javascripts
rm -rf _deploy/js
rm -rf _deploy/images
rm -rf _deploy/index.html
rm -rf _deploy/robots.txt
rm -rf _deploy/humans.txt
rm -rf _deploy/favicon.png
rm -rf _deploy/sitemap.xml
rm -rf _deploy/fonts
rm -rf _deploy/blog
rm -rf _deploy/CNAME
rm -rf _deploy/google07b1a0e98e151fd3.html
rm -rf _deploy/atom.xml
rm -rf _deploy/tags
rm -rf _deploy/stylesheets
rm -rf _deploy/tldr-Jquery-client
rm -rf _deploy/keybase.txt
rm -rf _deploy/assets
rm -rf _deploy/posts
rm -rf _deploy/data
cp -r public/. _deploy
cd _deploy

## Copying public to _deploy

## Committing: Site updated at 2020-10-30 22:58:55 UTC
[master c805d66] Site updated at 2020-10-30 22:58:55 UTC
 95 files changed, 2601 insertions(+), 3597 deletions(-)
 rewrite tags/-/atom.xml (73%)
 rewrite tags/ipaddress-/atom.xml (79%)
 rewrite tags/octopress-/atom.xml (72%)
 rewrite tags/octopress-migration/atom.xml (72%)
 rewrite tags/octopress-plugin/atom.xml (72%)
 rewrite tags/repo/atom.xml (72%)
 rewrite tags/security-/atom.xml (70%)

## Pushing generated _deploy website
Warning: Permanently added the RSA host key for IP address '140.82.121.4' to the list of known hosts.
To github.com:TheAshwanik/theashwanik.github.io.git
   9fa5a02..c805d66  master -> master
cd -

## Github Pages deploy complete

## Commit source to GitHub
warning: CRLF will be replaced by LF in nohup.out.
The file will have its original line endings in your working directory.
